<?xml version="1.0" encoding="UTF-8"?>
<!-- Generated by org.testng.reporters.JUnitReportReporter -->
<testsuite hostname="DESKTOP-GBPBH9N" failures="0" tests="6" name="Test.TestClass" time="29.947" errors="0" timestamp="2024-01-17T21:38:38 CET" skipped="0">
  <testcase classname="Test.TestClass" name="Add_Note_On_Date" time="7.651"/>
  <testcase classname="Test.TestClass" name="Rename_label" time="4.116"/>
  <testcase classname="Test.TestClass" name="Add_Note" time="4.501"/>
  <testcase classname="Test.TestClass" name="Change_color" time="3.966"/>
  <testcase classname="Test.TestClass" name="Option_verify" time="1.934"/>
  <testcase classname="Test.TestClass" name="Add_activities" time="7.779"/>
</testsuite> <!-- Test.TestClass -->
